<?xml version="1.0" encoding="UTF-8"?>
<testsuite xmlns:xsi="http://www.w3.org/2001/XMLSchema-instance" xsi:noNamespaceSchemaLocation="https://maven.apache.org/surefire/maven-surefire-plugin/xsd/surefire-test-report.xsd" version="3.0.2" name="com.zzs.WebManagementApplicationTests" time="3.151" tests="1" errors="0" skipped="0" failures="0">
  <properties>
[...]
</properties>
  <testcase name="contextLoads" classname="com.zzs.WebManagementApplicationTests" time="0.775">
    <system-out><![CDATA[11:26:47.146 [main] INFO org.springframework.test.context.support.AnnotationConfigContextLoaderUtils -- Could not detect default configuration classes for test class [com.zzs.WebManagementApplicationTests]: WebManagementApplicationTests does not declare any static, non-private, non-final, nested classes annotated with @Configuration.
11:26:47.235 [main] INFO org.springframework.boot.test.context.SpringBootTestContextBootstrapper -- Found @SpringBootConfiguration com.zzs.WebManagementApplication for test class com.zzs.WebManagementApplicationTests

  .   ____          _            __ _ _
 /\\ / ___'_ __ _ _(_)_ __  __ _ \ \ \ \
( ( )\___ | '_ | '_| | '_ \/ _` | \ \ \ \
 \\/  ___)| |_)| | | | | || (_| |  ) ) ) )
  '  |____| .__|_| |_|_| |_\__, | / / / /
 =========|_|==============|___/=/_/_/_/

 :: Spring Boot ::                (v3.4.1)

2025-01-07T11:26:47.656+08:00  INFO 19900 --- [web-management] [           main] com.zzs.WebManagementApplicationTests    : Starting WebManagementApplicationTests using Java 17.0.13 with PID 19900 (started by zzs in D:\javalearn\javaweb\后端\webproject\my-project\web-management)
2025-01-07T11:26:47.657+08:00  INFO 19900 --- [web-management] [           main] com.zzs.WebManagementApplicationTests    : No active profile set, falling back to 1 default profile: "default"
Logging initialized using 'class org.apache.ibatis.logging.stdout.StdOutImpl' adapter.
2025-01-07T11:26:49.369+08:00  INFO 19900 --- [web-management] [           main] com.zzs.WebManagementApplicationTests    : Started WebManagementApplicationTests in 2.002 seconds (process running for 2.813)
]]></system-out>
  </testcase>
</testsuite>